Arguments: 
  /data/data/com.termux/files/usr/bin/node /data/data/com.termux/files/usr/share/yarn/bin/yarn.js start

PATH: 
  /data/data/com.termux/files/usr/bin:/data/data/com.termux/files/usr/bin/applets

Yarn version: 
  1.12.3

Node version: 
  11.3.0

Platform: 
  android arm64

Trace: 
  SyntaxError: /data/data/com.termux/files/home/sqljs/package.json: Unexpected string in JSON at position 148
      at JSON.parse (<anonymous>)
      at /data/data/com.termux/files/usr/share/yarn/lib/cli.js:1631:59
      at Generator.next (<anonymous>)
      at step (/data/data/com.termux/files/usr/share/yarn/lib/cli.js:304:30)
      at /data/data/com.termux/files/usr/share/yarn/lib/cli.js:315:13

npm manifest: 
  {
    "name": "sqljs",
    "version": "1.0.0",
    "main": "app.js",
    "author": "cv",
    "license": "MIT",
    "scripts": {
    	"start": "node app.js"
    }
    "dependencies": {
      "sql.js": "^1.0.0"
    }
  }

yarn manifest: 
  No manifest

Lockfile: 
  # THIS IS AN AUTOGENERATED FILE. DO NOT EDIT THIS FILE DIRECTLY.
  # yarn lockfile v1
  
  
  sql.js@^1.0.0:
    version "1.0.0"
    resolved "https://registry.yarnpkg.com/sql.js/-/sql.js-1.0.0.tgz#5d65dd0fa84081f094ba66569c4f34fb99433d91"
    integrity sha512-fl/cQu8hDbu9bXNXTrmwwtS2wvHttWrXS9fzINVtedOBOJJWMjwSADR1aQ+DKmCdGNF4jrg/15AedJ5kcrWRJA==
